12:38:59 INFO  manager.ApplicationManager - All tests start in ChromeBrowser
12:39:01 INFO  tests.TestsBase - Name of test --->addContactSuccess
12:39:01 INFO  manager.MyListener - Start find element ---> By.xpath: //*[.='Sign Out']
12:39:06 INFO  manager.MyListener - Element with locator ---> By.xpath: //*[.='Sign Out'] was found
12:39:06 INFO  manager.MyListener - Start find element ---> By.cssSelector: a[href='/login']
12:39:06 INFO  manager.MyListener - Element with locator ---> By.cssSelector: a[href='/login'] was found
12:39:06 INFO  manager.MyListener - Start find element ---> By.xpath: //*[@placeholder='Email']
12:39:06 INFO  manager.MyListener - Element with locator ---> By.xpath: //*[@placeholder='Email'] was found
12:39:07 INFO  manager.MyListener - Start find element ---> By.xpath: //*[@placeholder='Password']
12:39:07 INFO  manager.MyListener - Element with locator ---> By.xpath: //*[@placeholder='Password'] was found
12:39:08 INFO  manager.MyListener - Start find element ---> By.xpath: //button[.=' Login']
12:39:08 INFO  manager.MyListener - Element with locator ---> By.xpath: //button[.=' Login'] was found
12:39:08 INFO  manager.MyListener - Start find element ---> By.cssSelector: .contact-item_card__2SOIM
12:39:13 INFO  manager.MyListener - Element with locator ---> By.cssSelector: .contact-item_card__2SOIM was found
12:39:13 INFO  manager.MyListener - Start find element ---> By.cssSelector: a[href='/add']
12:39:18 INFO  manager.MyListener - We have a throwable ---> no such element: Unable to locate element: {"method":"css selector","selector":"a[href='/add']"}
  (Session info: chrome=98.0.4758.82)
For documentation on this error, please visit: https://www.seleniumhq.org/exceptions/no_such_element.html
Build info: version: '3.141.59', revision: 'e82be7d358', time: '2018-11-14T08:17:03'
System info: host: 'DESKTOP-7VMBUT4', ip: '192.168.1.171', os.name: 'Windows 10', os.arch: 'amd64', os.version: '10.0', java.version: '11.0.13'
Driver info: org.openqa.selenium.chrome.ChromeDriver
Capabilities {acceptInsecureCerts: false, browserName: chrome, browserVersion: 98.0.4758.82, chrome: {chromedriverVersion: 98.0.4758.80 (7f0488e8ba0d8..., userDataDir: C:\Users\User\AppData\Local...}, goog:chromeOptions: {debuggerAddress: localhost:55345}, javascriptEnabled: true, networkConnectionEnabled: false, pageLoadStrategy: normal, platform: WINDOWS, platformName: WINDOWS, proxy: Proxy(), setWindowRect: true, strictFileInteractability: false, timeouts: {implicit: 0, pageLoad: 300000, script: 30000}, unhandledPromptBehavior: dismiss and notify, webauthn:extension:credBlob: true, webauthn:extension:largeBlob: true, webauthn:virtualAuthenticators: true}
Session ID: eca1ab1a96f0d71f6b270aa7ede4cac8
*** Element info: {Using=css selector, value=a[href='/add']}
12:39:18 INFO  manager.MyListener - org.openqa.selenium.NoSuchElementException: no such element: Unable to locate element: {"method":"css selector","selector":"a[href='/add']"}
  (Session info: chrome=98.0.4758.82)
For documentation on this error, please visit: https://www.seleniumhq.org/exceptions/no_such_element.html
Build info: version: '3.141.59', revision: 'e82be7d358', time: '2018-11-14T08:17:03'
System info: host: 'DESKTOP-7VMBUT4', ip: '192.168.1.171', os.name: 'Windows 10', os.arch: 'amd64', os.version: '10.0', java.version: '11.0.13'
Driver info: org.openqa.selenium.chrome.ChromeDriver
Capabilities {acceptInsecureCerts: false, browserName: chrome, browserVersion: 98.0.4758.82, chrome: {chromedriverVersion: 98.0.4758.80 (7f0488e8ba0d8..., userDataDir: C:\Users\User\AppData\Local...}, goog:chromeOptions: {debuggerAddress: localhost:55345}, javascriptEnabled: true, networkConnectionEnabled: false, pageLoadStrategy: normal, platform: WINDOWS, platformName: WINDOWS, proxy: Proxy(), setWindowRect: true, strictFileInteractability: false, timeouts: {implicit: 0, pageLoad: 300000, script: 30000}, unhandledPromptBehavior: dismiss and notify, webauthn:extension:credBlob: true, webauthn:extension:largeBlob: true, webauthn:virtualAuthenticators: true}
Session ID: eca1ab1a96f0d71f6b270aa7ede4cac8
*** Element info: {Using=css selector, value=a[href='/add']}
12:39:18 INFO  tests.TestsBase - Name of test --->addContactSuccessDataProvider
12:39:18 INFO  manager.MyListener - Start find element ---> By.xpath: //*[.='Sign Out']
12:39:23 INFO  manager.MyListener - Element with locator ---> By.xpath: //*[.='Sign Out'] was found
12:39:23 INFO  manager.MyListener - Start find element ---> By.cssSelector: a[href='/login']
12:39:23 INFO  manager.MyListener - Element with locator ---> By.cssSelector: a[href='/login'] was found
12:39:23 INFO  manager.MyListener - Start find element ---> By.xpath: //*[@placeholder='Email']
12:39:28 INFO  manager.MyListener - We have a throwable ---> no such element: Unable to locate element: {"method":"xpath","selector":"//*[@placeholder='Email']"}
  (Session info: chrome=98.0.4758.82)
For documentation on this error, please visit: https://www.seleniumhq.org/exceptions/no_such_element.html
Build info: version: '3.141.59', revision: 'e82be7d358', time: '2018-11-14T08:17:03'
System info: host: 'DESKTOP-7VMBUT4', ip: '192.168.1.171', os.name: 'Windows 10', os.arch: 'amd64', os.version: '10.0', java.version: '11.0.13'
Driver info: org.openqa.selenium.chrome.ChromeDriver
Capabilities {acceptInsecureCerts: false, browserName: chrome, browserVersion: 98.0.4758.82, chrome: {chromedriverVersion: 98.0.4758.80 (7f0488e8ba0d8..., userDataDir: C:\Users\User\AppData\Local...}, goog:chromeOptions: {debuggerAddress: localhost:55345}, javascriptEnabled: true, networkConnectionEnabled: false, pageLoadStrategy: normal, platform: WINDOWS, platformName: WINDOWS, proxy: Proxy(), setWindowRect: true, strictFileInteractability: false, timeouts: {implicit: 0, pageLoad: 300000, script: 30000}, unhandledPromptBehavior: dismiss and notify, webauthn:extension:credBlob: true, webauthn:extension:largeBlob: true, webauthn:virtualAuthenticators: true}
Session ID: eca1ab1a96f0d71f6b270aa7ede4cac8
*** Element info: {Using=xpath, value=//*[@placeholder='Email']}
12:39:28 INFO  manager.MyListener - org.openqa.selenium.NoSuchElementException: no such element: Unable to locate element: {"method":"xpath","selector":"//*[@placeholder='Email']"}
  (Session info: chrome=98.0.4758.82)
For documentation on this error, please visit: https://www.seleniumhq.org/exceptions/no_such_element.html
Build info: version: '3.141.59', revision: 'e82be7d358', time: '2018-11-14T08:17:03'
System info: host: 'DESKTOP-7VMBUT4', ip: '192.168.1.171', os.name: 'Windows 10', os.arch: 'amd64', os.version: '10.0', java.version: '11.0.13'
Driver info: org.openqa.selenium.chrome.ChromeDriver
Capabilities {acceptInsecureCerts: false, browserName: chrome, browserVersion: 98.0.4758.82, chrome: {chromedriverVersion: 98.0.4758.80 (7f0488e8ba0d8..., userDataDir: C:\Users\User\AppData\Local...}, goog:chromeOptions: {debuggerAddress: localhost:55345}, javascriptEnabled: true, networkConnectionEnabled: false, pageLoadStrategy: normal, platform: WINDOWS, platformName: WINDOWS, proxy: Proxy(), setWindowRect: true, strictFileInteractability: false, timeouts: {implicit: 0, pageLoad: 300000, script: 30000}, unhandledPromptBehavior: dismiss and notify, webauthn:extension:credBlob: true, webauthn:extension:largeBlob: true, webauthn:virtualAuthenticators: true}
Session ID: eca1ab1a96f0d71f6b270aa7ede4cac8
*** Element info: {Using=xpath, value=//*[@placeholder='Email']}
12:39:28 INFO  tests.TestsBase - Name of test --->addContactSuccessDataProvider
12:39:28 INFO  manager.MyListener - Start find element ---> By.xpath: //*[.='Sign Out']
12:39:28 INFO  manager.MyListener - Element with locator ---> By.xpath: //*[.='Sign Out'] was found
12:39:29 INFO  tests.TestsBase - Name of test --->loginNegativeTestWithWrongPassword
12:39:29 INFO  manager.MyListener - Start find element ---> By.xpath: //*[.='Sign Out']
12:39:29 INFO  manager.MyListener - Element with locator ---> By.xpath: //*[.='Sign Out'] was found
12:39:29 INFO  manager.MyListener - Start find element ---> By.xpath: //*[.='Sign Out']
12:39:29 INFO  manager.MyListener - Element with locator ---> By.xpath: //*[.='Sign Out'] was found
12:39:29 INFO  manager.MyListener - Start find element ---> By.cssSelector: a[href='/login']
12:39:29 INFO  manager.MyListener - Element with locator ---> By.cssSelector: a[href='/login'] was found
12:39:29 INFO  manager.MyListener - Start find element ---> By.xpath: //*[@placeholder='Email']
12:39:29 INFO  manager.MyListener - Element with locator ---> By.xpath: //*[@placeholder='Email'] was found
12:39:29 INFO  manager.MyListener - Start find element ---> By.xpath: //*[@placeholder='Password']
12:39:29 INFO  manager.MyListener - Element with locator ---> By.xpath: //*[@placeholder='Password'] was found
12:39:30 INFO  manager.MyListener - Start find element ---> By.xpath: //button[.=' Login']
12:39:30 INFO  manager.MyListener - Element with locator ---> By.xpath: //button[.=' Login'] was found
12:39:31 INFO  tests.TestsBase - Name of test --->loginSuccess
12:39:31 INFO  manager.MyListener - Start find element ---> By.xpath: //*[.='Sign Out']
12:39:36 INFO  manager.MyListener - Element with locator ---> By.xpath: //*[.='Sign Out'] was found
12:39:36 INFO  tests.TestsBase - Test starts with: email [noa@gmail.com] & password [Nnoa12345$]
12:39:36 INFO  manager.MyListener - Start find element ---> By.cssSelector: a[href='/login']
12:39:36 INFO  manager.MyListener - Element with locator ---> By.cssSelector: a[href='/login'] was found
12:39:36 INFO  manager.MyListener - Start find element ---> By.xpath: //*[@placeholder='Email']
12:39:36 INFO  manager.MyListener - Element with locator ---> By.xpath: //*[@placeholder='Email'] was found
12:39:36 INFO  manager.MyListener - Start find element ---> By.xpath: //*[@placeholder='Password']
12:39:37 INFO  manager.MyListener - Element with locator ---> By.xpath: //*[@placeholder='Password'] was found
12:39:37 INFO  manager.MyListener - Start find element ---> By.xpath: //button[.=' Login']
12:39:37 INFO  manager.MyListener - Element with locator ---> By.xpath: //button[.=' Login'] was found
12:39:37 INFO  manager.MyListener - Start find element ---> By.cssSelector: button
12:39:38 INFO  manager.MyListener - Element with locator ---> By.cssSelector: button was found
12:39:38 INFO  tests.TestsBase - Name of test --->loginSuccessDataProvider
12:39:38 INFO  manager.MyListener - Start find element ---> By.xpath: //*[.='Sign Out']
12:39:38 INFO  manager.MyListener - Element with locator ---> By.xpath: //*[.='Sign Out'] was found
12:39:38 INFO  manager.MyListener - Start find element ---> By.xpath: //*[.='Sign Out']
12:39:38 INFO  manager.MyListener - Element with locator ---> By.xpath: //*[.='Sign Out'] was found
12:39:38 INFO  tests.TestsBase - Test starts with 'email':noa@gmail.com & 'password': Nnoa12345$
12:39:38 INFO  manager.MyListener - Start find element ---> By.cssSelector: a[href='/login']
12:39:38 INFO  manager.MyListener - Element with locator ---> By.cssSelector: a[href='/login'] was found
12:39:38 INFO  manager.MyListener - Start find element ---> By.xpath: //*[@placeholder='Email']
12:39:38 INFO  manager.MyListener - Element with locator ---> By.xpath: //*[@placeholder='Email'] was found
12:39:38 INFO  manager.MyListener - Start find element ---> By.xpath: //*[@placeholder='Password']
12:39:38 INFO  manager.MyListener - Element with locator ---> By.xpath: //*[@placeholder='Password'] was found
12:39:39 INFO  manager.MyListener - Start find element ---> By.xpath: //button[.=' Login']
12:39:39 INFO  manager.MyListener - Element with locator ---> By.xpath: //button[.=' Login'] was found
12:39:39 INFO  manager.MyListener - Start find element ---> By.cssSelector: button
12:39:39 INFO  manager.MyListener - Element with locator ---> By.cssSelector: button was found
12:39:39 INFO  tests.TestsBase - Name of test --->loginSuccessDataProvider
12:39:39 INFO  manager.MyListener - Start find element ---> By.xpath: //*[.='Sign Out']
12:39:39 INFO  manager.MyListener - Element with locator ---> By.xpath: //*[.='Sign Out'] was found
12:39:39 INFO  manager.MyListener - Start find element ---> By.xpath: //*[.='Sign Out']
12:39:39 INFO  manager.MyListener - Element with locator ---> By.xpath: //*[.='Sign Out'] was found
12:39:39 INFO  tests.TestsBase - Test starts with 'email':noa@gmail.com & 'password': Nnoa12345$
12:39:39 INFO  manager.MyListener - Start find element ---> By.cssSelector: a[href='/login']
12:39:39 INFO  manager.MyListener - Element with locator ---> By.cssSelector: a[href='/login'] was found
12:39:39 INFO  manager.MyListener - Start find element ---> By.xpath: //*[@placeholder='Email']
12:39:39 INFO  manager.MyListener - Element with locator ---> By.xpath: //*[@placeholder='Email'] was found
12:39:40 INFO  manager.MyListener - Start find element ---> By.xpath: //*[@placeholder='Password']
12:39:40 INFO  manager.MyListener - Element with locator ---> By.xpath: //*[@placeholder='Password'] was found
12:39:40 INFO  manager.MyListener - Start find element ---> By.xpath: //button[.=' Login']
12:39:40 INFO  manager.MyListener - Element with locator ---> By.xpath: //button[.=' Login'] was found
12:39:40 INFO  manager.MyListener - Start find element ---> By.cssSelector: button
12:39:40 INFO  manager.MyListener - Element with locator ---> By.cssSelector: button was found
12:39:40 INFO  tests.TestsBase - Name of test --->loginSuccessDataProvider
12:39:40 INFO  manager.MyListener - Start find element ---> By.xpath: //*[.='Sign Out']
12:39:40 INFO  manager.MyListener - Element with locator ---> By.xpath: //*[.='Sign Out'] was found
12:39:40 INFO  manager.MyListener - Start find element ---> By.xpath: //*[.='Sign Out']
12:39:40 INFO  manager.MyListener - Element with locator ---> By.xpath: //*[.='Sign Out'] was found
12:39:41 INFO  tests.TestsBase - Test starts with 'email':noa@gmail.com & 'password': Nnoa12345$
12:39:41 INFO  manager.MyListener - Start find element ---> By.cssSelector: a[href='/login']
12:39:41 INFO  manager.MyListener - Element with locator ---> By.cssSelector: a[href='/login'] was found
12:39:41 INFO  manager.MyListener - Start find element ---> By.xpath: //*[@placeholder='Email']
12:39:41 INFO  manager.MyListener - Element with locator ---> By.xpath: //*[@placeholder='Email'] was found
12:39:41 INFO  manager.MyListener - Start find element ---> By.xpath: //*[@placeholder='Password']
12:39:41 INFO  manager.MyListener - Element with locator ---> By.xpath: //*[@placeholder='Password'] was found
12:39:42 INFO  manager.MyListener - Start find element ---> By.xpath: //button[.=' Login']
12:39:42 INFO  manager.MyListener - Element with locator ---> By.xpath: //button[.=' Login'] was found
12:39:42 INFO  manager.MyListener - Start find element ---> By.cssSelector: button
12:39:42 INFO  manager.MyListener - Element with locator ---> By.cssSelector: button was found
12:39:42 INFO  tests.TestsBase - Name of test --->loginSuccessDataProviderCSV
12:39:42 INFO  manager.MyListener - Start find element ---> By.xpath: //*[.='Sign Out']
12:39:42 INFO  manager.MyListener - Element with locator ---> By.xpath: //*[.='Sign Out'] was found
12:39:42 INFO  manager.MyListener - Start find element ---> By.xpath: //*[.='Sign Out']
12:39:42 INFO  manager.MyListener - Element with locator ---> By.xpath: //*[.='Sign Out'] was found
12:39:42 INFO  tests.TestsBase - Test starts with 'email':noa@gmail.com & 'password': Nnoa12345$
12:39:42 INFO  manager.MyListener - Start find element ---> By.cssSelector: a[href='/login']
12:39:43 INFO  manager.MyListener - Element with locator ---> By.cssSelector: a[href='/login'] was found
12:39:43 INFO  manager.MyListener - Start find element ---> By.xpath: //*[@placeholder='Email']
12:39:43 INFO  manager.MyListener - Element with locator ---> By.xpath: //*[@placeholder='Email'] was found
12:39:43 INFO  manager.MyListener - Start find element ---> By.xpath: //*[@placeholder='Password']
12:39:43 INFO  manager.MyListener - Element with locator ---> By.xpath: //*[@placeholder='Password'] was found
12:39:43 INFO  manager.MyListener - Start find element ---> By.xpath: //button[.=' Login']
12:39:44 INFO  manager.MyListener - Element with locator ---> By.xpath: //button[.=' Login'] was found
12:39:44 INFO  manager.MyListener - Start find element ---> By.cssSelector: button
12:39:44 INFO  manager.MyListener - Element with locator ---> By.cssSelector: button was found
12:39:44 INFO  tests.TestsBase - Name of test --->loginSuccessDataProviderCSV
12:39:44 INFO  manager.MyListener - Start find element ---> By.xpath: //*[.='Sign Out']
12:39:44 INFO  manager.MyListener - Element with locator ---> By.xpath: //*[.='Sign Out'] was found
12:39:44 INFO  manager.MyListener - Start find element ---> By.xpath: //*[.='Sign Out']
12:39:44 INFO  manager.MyListener - Element with locator ---> By.xpath: //*[.='Sign Out'] was found
12:39:44 INFO  tests.TestsBase - Test starts with 'email':noa@gmail.com & 'password': Nnoa12345$
12:39:44 INFO  manager.MyListener - Start find element ---> By.cssSelector: a[href='/login']
12:39:44 INFO  manager.MyListener - Element with locator ---> By.cssSelector: a[href='/login'] was found
12:39:44 INFO  manager.MyListener - Start find element ---> By.xpath: //*[@placeholder='Email']
12:39:44 INFO  manager.MyListener - Element with locator ---> By.xpath: //*[@placeholder='Email'] was found
12:39:45 INFO  manager.MyListener - Start find element ---> By.xpath: //*[@placeholder='Password']
12:39:45 INFO  manager.MyListener - Element with locator ---> By.xpath: //*[@placeholder='Password'] was found
12:39:45 INFO  manager.MyListener - Start find element ---> By.xpath: //button[.=' Login']
12:39:45 INFO  manager.MyListener - Element with locator ---> By.xpath: //button[.=' Login'] was found
12:39:45 INFO  manager.MyListener - Start find element ---> By.cssSelector: button
12:39:45 INFO  manager.MyListener - Element with locator ---> By.cssSelector: button was found
12:39:45 INFO  tests.TestsBase - Name of test --->loginSuccessDataProviderCSV
12:39:45 INFO  manager.MyListener - Start find element ---> By.xpath: //*[.='Sign Out']
12:39:45 INFO  manager.MyListener - Element with locator ---> By.xpath: //*[.='Sign Out'] was found
12:39:45 INFO  manager.MyListener - Start find element ---> By.xpath: //*[.='Sign Out']
12:39:45 INFO  manager.MyListener - Element with locator ---> By.xpath: //*[.='Sign Out'] was found
12:39:46 INFO  tests.TestsBase - Test starts with 'email':noa@gmail.com & 'password': Nnoa12345$
12:39:46 INFO  manager.MyListener - Start find element ---> By.cssSelector: a[href='/login']
12:39:46 INFO  manager.MyListener - Element with locator ---> By.cssSelector: a[href='/login'] was found
12:39:46 INFO  manager.MyListener - Start find element ---> By.xpath: //*[@placeholder='Email']
12:39:46 INFO  manager.MyListener - Element with locator ---> By.xpath: //*[@placeholder='Email'] was found
12:39:46 INFO  manager.MyListener - Start find element ---> By.xpath: //*[@placeholder='Password']
12:39:46 INFO  manager.MyListener - Element with locator ---> By.xpath: //*[@placeholder='Password'] was found
12:39:47 INFO  manager.MyListener - Start find element ---> By.xpath: //button[.=' Login']
12:39:47 INFO  manager.MyListener - Element with locator ---> By.xpath: //button[.=' Login'] was found
12:39:47 INFO  manager.MyListener - Start find element ---> By.cssSelector: button
12:39:47 INFO  manager.MyListener - Element with locator ---> By.cssSelector: button was found
12:39:47 INFO  tests.TestsBase - Name of test --->loginSuccessModel
12:39:47 INFO  manager.MyListener - Start find element ---> By.xpath: //*[.='Sign Out']
12:39:47 INFO  manager.MyListener - Element with locator ---> By.xpath: //*[.='Sign Out'] was found
12:39:47 INFO  manager.MyListener - Start find element ---> By.xpath: //*[.='Sign Out']
12:39:47 INFO  manager.MyListener - Element with locator ---> By.xpath: //*[.='Sign Out'] was found
12:39:48 INFO  manager.MyListener - Start find element ---> By.cssSelector: a[href='/login']
12:39:48 INFO  manager.MyListener - Element with locator ---> By.cssSelector: a[href='/login'] was found
12:39:48 INFO  manager.MyListener - Start find element ---> By.xpath: //*[@placeholder='Email']
12:39:48 INFO  manager.MyListener - Element with locator ---> By.xpath: //*[@placeholder='Email'] was found
12:39:48 INFO  manager.MyListener - Start find element ---> By.xpath: //*[@placeholder='Password']
12:39:48 INFO  manager.MyListener - Element with locator ---> By.xpath: //*[@placeholder='Password'] was found
12:39:48 INFO  manager.MyListener - Start find element ---> By.xpath: //button[.=' Login']
12:39:48 INFO  manager.MyListener - Element with locator ---> By.xpath: //button[.=' Login'] was found
12:39:49 INFO  manager.MyListener - Start find element ---> By.cssSelector: button
12:39:49 INFO  manager.MyListener - Element with locator ---> By.cssSelector: button was found
12:39:49 INFO  tests.TestsBase - Name of test --->loginSuccessModelDataProvider
12:39:49 INFO  manager.MyListener - Start find element ---> By.xpath: //*[.='Sign Out']
12:39:49 INFO  manager.MyListener - Element with locator ---> By.xpath: //*[.='Sign Out'] was found
12:39:49 INFO  manager.MyListener - Start find element ---> By.xpath: //*[.='Sign Out']
12:39:49 INFO  manager.MyListener - Element with locator ---> By.xpath: //*[.='Sign Out'] was found
12:39:49 INFO  manager.MyListener - Start find element ---> By.cssSelector: a[href='/login']
12:39:49 INFO  manager.MyListener - Element with locator ---> By.cssSelector: a[href='/login'] was found
12:39:49 INFO  manager.MyListener - Start find element ---> By.xpath: //*[@placeholder='Email']
12:39:49 INFO  manager.MyListener - Element with locator ---> By.xpath: //*[@placeholder='Email'] was found
12:39:50 INFO  manager.MyListener - Start find element ---> By.xpath: //*[@placeholder='Password']
12:39:50 INFO  manager.MyListener - Element with locator ---> By.xpath: //*[@placeholder='Password'] was found
12:39:50 INFO  manager.MyListener - Start find element ---> By.xpath: //button[.=' Login']
12:39:50 INFO  manager.MyListener - Element with locator ---> By.xpath: //button[.=' Login'] was found
12:39:50 INFO  manager.MyListener - Start find element ---> By.cssSelector: button
12:39:50 INFO  manager.MyListener - Element with locator ---> By.cssSelector: button was found
12:39:50 INFO  tests.TestsBase - Name of test --->loginSuccessModelDataProvider
12:39:50 INFO  manager.MyListener - Start find element ---> By.xpath: //*[.='Sign Out']
12:39:50 INFO  manager.MyListener - Element with locator ---> By.xpath: //*[.='Sign Out'] was found
12:39:50 INFO  manager.MyListener - Start find element ---> By.xpath: //*[.='Sign Out']
12:39:50 INFO  manager.MyListener - Element with locator ---> By.xpath: //*[.='Sign Out'] was found
12:39:51 INFO  manager.MyListener - Start find element ---> By.cssSelector: a[href='/login']
12:39:51 INFO  manager.MyListener - Element with locator ---> By.cssSelector: a[href='/login'] was found
12:39:51 INFO  manager.MyListener - Start find element ---> By.xpath: //*[@placeholder='Email']
12:39:51 INFO  manager.MyListener - Element with locator ---> By.xpath: //*[@placeholder='Email'] was found
12:39:51 INFO  manager.MyListener - Start find element ---> By.xpath: //*[@placeholder='Password']
12:39:51 INFO  manager.MyListener - Element with locator ---> By.xpath: //*[@placeholder='Password'] was found
12:39:52 INFO  manager.MyListener - Start find element ---> By.xpath: //button[.=' Login']
12:39:52 INFO  manager.MyListener - Element with locator ---> By.xpath: //button[.=' Login'] was found
12:39:52 INFO  manager.MyListener - Start find element ---> By.cssSelector: button
12:39:52 INFO  manager.MyListener - Element with locator ---> By.cssSelector: button was found
12:39:52 INFO  tests.TestsBase - Name of test --->registrationSuccess
12:39:52 INFO  manager.MyListener - Start find element ---> By.xpath: //*[.='Sign Out']
12:39:52 INFO  manager.MyListener - Element with locator ---> By.xpath: //*[.='Sign Out'] was found
12:39:52 INFO  manager.MyListener - Start find element ---> By.xpath: //*[.='Sign Out']
12:39:52 INFO  manager.MyListener - Element with locator ---> By.xpath: //*[.='Sign Out'] was found
12:39:53 INFO  manager.MyListener - Start find element ---> By.cssSelector: a[href='/login']
12:39:53 INFO  manager.MyListener - Element with locator ---> By.cssSelector: a[href='/login'] was found
12:39:53 INFO  manager.MyListener - Start find element ---> By.xpath: //*[@placeholder='Email']
12:39:53 INFO  manager.MyListener - Element with locator ---> By.xpath: //*[@placeholder='Email'] was found
12:39:53 INFO  manager.MyListener - Start find element ---> By.xpath: //*[@placeholder='Password']
12:39:53 INFO  manager.MyListener - Element with locator ---> By.xpath: //*[@placeholder='Password'] was found
12:39:54 INFO  manager.MyListener - Start find element ---> By.cssSelector: button:last-child
12:39:54 INFO  manager.MyListener - Element with locator ---> By.cssSelector: button:last-child was found
12:39:54 INFO  manager.MyListener - Start find element ---> By.cssSelector: a[href='/add']
12:39:54 INFO  manager.MyListener - Element with locator ---> By.cssSelector: a[href='/add'] was found
12:39:54 INFO  tests.TestsBase - Name of test --->registrationSuccessModel
12:39:54 INFO  manager.MyListener - Start find element ---> By.xpath: //*[.='Sign Out']
12:39:54 INFO  manager.MyListener - Element with locator ---> By.xpath: //*[.='Sign Out'] was found
12:39:54 INFO  manager.MyListener - Start find element ---> By.xpath: //*[.='Sign Out']
12:39:54 INFO  manager.MyListener - Element with locator ---> By.xpath: //*[.='Sign Out'] was found
12:39:54 INFO  manager.MyListener - Start find element ---> By.cssSelector: a[href='/login']
12:39:54 INFO  manager.MyListener - Element with locator ---> By.cssSelector: a[href='/login'] was found
12:39:55 INFO  manager.MyListener - Start find element ---> By.xpath: //*[@placeholder='Email']
12:39:55 INFO  manager.MyListener - Element with locator ---> By.xpath: //*[@placeholder='Email'] was found
12:39:55 INFO  manager.MyListener - Start find element ---> By.xpath: //*[@placeholder='Password']
12:39:55 INFO  manager.MyListener - Element with locator ---> By.xpath: //*[@placeholder='Password'] was found
12:39:55 INFO  manager.MyListener - Start find element ---> By.cssSelector: button:last-child
12:39:56 INFO  manager.MyListener - Element with locator ---> By.cssSelector: button:last-child was found
12:39:56 INFO  manager.MyListener - Start find element ---> By.cssSelector: a[href='/add']
12:39:56 INFO  manager.MyListener - Element with locator ---> By.cssSelector: a[href='/add'] was found
12:39:56 INFO  tests.TestsBase - Name of test --->removeAllContacts
12:39:56 INFO  manager.MyListener - Start find element ---> By.xpath: //*[.='Sign Out']
12:39:56 INFO  manager.MyListener - Element with locator ---> By.xpath: //*[.='Sign Out'] was found
12:39:56 INFO  manager.MyListener - Start find element ---> By.cssSelector: .contact-item_card__2SOIM
12:40:01 INFO  manager.MyListener - Element with locator ---> By.cssSelector: .contact-item_card__2SOIM was found
12:40:01 INFO  manager.MyListener - Start find element ---> By.cssSelector: a[href='/add']
12:40:01 INFO  manager.MyListener - Element with locator ---> By.cssSelector: a[href='/add'] was found
12:40:01 INFO  manager.MyListener - Start find element ---> By.xpath: (//input[@placeholder='Name'])
12:40:01 INFO  manager.MyListener - Element with locator ---> By.xpath: (//input[@placeholder='Name']) was found
12:40:02 INFO  manager.MyListener - Start find element ---> By.xpath: //input[@placeholder='Last Name']
12:40:02 INFO  manager.MyListener - Element with locator ---> By.xpath: //input[@placeholder='Last Name'] was found
12:40:02 INFO  manager.MyListener - Start find element ---> By.xpath: //input[@placeholder='Phone']
12:40:02 INFO  manager.MyListener - Element with locator ---> By.xpath: //input[@placeholder='Phone'] was found
12:40:02 INFO  manager.MyListener - Start find element ---> By.xpath: //input[@placeholder='email']
12:40:03 INFO  manager.MyListener - Element with locator ---> By.xpath: //input[@placeholder='email'] was found
12:40:03 INFO  manager.MyListener - Start find element ---> By.xpath: //input[@placeholder='Address']
12:40:03 INFO  manager.MyListener - Element with locator ---> By.xpath: //input[@placeholder='Address'] was found
12:40:03 INFO  manager.MyListener - Start find element ---> By.xpath: //input[@placeholder='description']
12:40:03 INFO  manager.MyListener - Element with locator ---> By.xpath: //input[@placeholder='description'] was found
12:40:04 INFO  manager.MyListener - Start find element ---> By.xpath: //button[.='Save']
12:40:04 INFO  manager.MyListener - Element with locator ---> By.xpath: //button[.='Save'] was found
12:40:06 INFO  manager.MyListener - Start find element ---> By.cssSelector: a[href='/add']
12:40:06 INFO  manager.MyListener - Element with locator ---> By.cssSelector: a[href='/add'] was found
12:40:06 INFO  manager.MyListener - Start find element ---> By.xpath: (//input[@placeholder='Name'])
12:40:06 INFO  manager.MyListener - Element with locator ---> By.xpath: (//input[@placeholder='Name']) was found
12:40:06 INFO  manager.MyListener - Start find element ---> By.xpath: //input[@placeholder='Last Name']
12:40:06 INFO  manager.MyListener - Element with locator ---> By.xpath: //input[@placeholder='Last Name'] was found
12:40:07 INFO  manager.MyListener - Start find element ---> By.xpath: //input[@placeholder='Phone']
12:40:07 INFO  manager.MyListener - Element with locator ---> By.xpath: //input[@placeholder='Phone'] was found
12:40:07 INFO  manager.MyListener - Start find element ---> By.xpath: //input[@placeholder='email']
12:40:07 INFO  manager.MyListener - Element with locator ---> By.xpath: //input[@placeholder='email'] was found
12:40:08 INFO  manager.MyListener - Start find element ---> By.xpath: //input[@placeholder='Address']
12:40:08 INFO  manager.MyListener - Element with locator ---> By.xpath: //input[@placeholder='Address'] was found
12:40:08 INFO  manager.MyListener - Start find element ---> By.xpath: //input[@placeholder='description']
12:40:08 INFO  manager.MyListener - Element with locator ---> By.xpath: //input[@placeholder='description'] was found
12:40:08 INFO  manager.MyListener - Start find element ---> By.xpath: //button[.='Save']
12:40:08 INFO  manager.MyListener - Element with locator ---> By.xpath: //button[.='Save'] was found
12:40:10 INFO  manager.MyListener - Start find element ---> By.cssSelector: a[href='/add']
12:40:10 INFO  manager.MyListener - Element with locator ---> By.cssSelector: a[href='/add'] was found
12:40:11 INFO  manager.MyListener - Start find element ---> By.xpath: (//input[@placeholder='Name'])
12:40:11 INFO  manager.MyListener - Element with locator ---> By.xpath: (//input[@placeholder='Name']) was found
12:40:11 INFO  manager.MyListener - Start find element ---> By.xpath: //input[@placeholder='Last Name']
12:40:11 INFO  manager.MyListener - Element with locator ---> By.xpath: //input[@placeholder='Last Name'] was found
12:40:11 INFO  manager.MyListener - Start find element ---> By.xpath: //input[@placeholder='Phone']
12:40:11 INFO  manager.MyListener - Element with locator ---> By.xpath: //input[@placeholder='Phone'] was found
12:40:12 INFO  manager.MyListener - Start find element ---> By.xpath: //input[@placeholder='email']
12:40:12 INFO  manager.MyListener - Element with locator ---> By.xpath: //input[@placeholder='email'] was found
12:40:12 INFO  manager.MyListener - Start find element ---> By.xpath: //input[@placeholder='Address']
12:40:12 INFO  manager.MyListener - Element with locator ---> By.xpath: //input[@placeholder='Address'] was found
12:40:12 INFO  manager.MyListener - Start find element ---> By.xpath: //input[@placeholder='description']
12:40:12 INFO  manager.MyListener - Element with locator ---> By.xpath: //input[@placeholder='description'] was found
12:40:12 INFO  manager.MyListener - Start find element ---> By.xpath: //button[.='Save']
12:40:12 INFO  manager.MyListener - Element with locator ---> By.xpath: //button[.='Save'] was found
12:40:15 INFO  tests.TestsBase - Name of test --->removeAllContactsNOTWORKS
12:40:15 INFO  manager.MyListener - Start find element ---> By.xpath: //*[.='Sign Out']
12:40:15 INFO  manager.MyListener - Element with locator ---> By.xpath: //*[.='Sign Out'] was found
12:40:15 INFO  manager.MyListener - Start find element ---> By.cssSelector: .contact-item_card__2SOIM
12:40:20 INFO  manager.MyListener - Element with locator ---> By.cssSelector: .contact-item_card__2SOIM was found
12:40:20 INFO  manager.MyListener - Start find element ---> By.cssSelector: a[href='/add']
12:40:20 INFO  manager.MyListener - Element with locator ---> By.cssSelector: a[href='/add'] was found
12:40:20 INFO  manager.MyListener - Start find element ---> By.xpath: (//input[@placeholder='Name'])
12:40:20 INFO  manager.MyListener - Element with locator ---> By.xpath: (//input[@placeholder='Name']) was found
12:40:20 INFO  manager.MyListener - Start find element ---> By.xpath: //input[@placeholder='Last Name']
12:40:20 INFO  manager.MyListener - Element with locator ---> By.xpath: //input[@placeholder='Last Name'] was found
12:40:20 INFO  manager.MyListener - Start find element ---> By.xpath: //input[@placeholder='Phone']
12:40:20 INFO  manager.MyListener - Element with locator ---> By.xpath: //input[@placeholder='Phone'] was found
12:40:21 INFO  manager.MyListener - Start find element ---> By.xpath: //input[@placeholder='email']
12:40:21 INFO  manager.MyListener - Element with locator ---> By.xpath: //input[@placeholder='email'] was found
12:40:21 INFO  manager.MyListener - Start find element ---> By.xpath: //input[@placeholder='Address']
12:40:21 INFO  manager.MyListener - Element with locator ---> By.xpath: //input[@placeholder='Address'] was found
12:40:21 INFO  manager.MyListener - Start find element ---> By.xpath: //input[@placeholder='description']
12:40:21 INFO  manager.MyListener - Element with locator ---> By.xpath: //input[@placeholder='description'] was found
12:40:22 INFO  manager.MyListener - Start find element ---> By.xpath: //button[.='Save']
12:40:22 INFO  manager.MyListener - Element with locator ---> By.xpath: //button[.='Save'] was found
12:40:24 INFO  manager.MyListener - Start find element ---> By.cssSelector: a[href='/add']
12:40:24 INFO  manager.MyListener - Element with locator ---> By.cssSelector: a[href='/add'] was found
12:40:24 INFO  manager.MyListener - Start find element ---> By.xpath: (//input[@placeholder='Name'])
12:40:24 INFO  manager.MyListener - Element with locator ---> By.xpath: (//input[@placeholder='Name']) was found
12:40:24 INFO  manager.MyListener - Start find element ---> By.xpath: //input[@placeholder='Last Name']
12:40:24 INFO  manager.MyListener - Element with locator ---> By.xpath: //input[@placeholder='Last Name'] was found
12:40:25 INFO  manager.MyListener - Start find element ---> By.xpath: //input[@placeholder='Phone']
12:40:25 INFO  manager.MyListener - Element with locator ---> By.xpath: //input[@placeholder='Phone'] was found
12:40:25 INFO  manager.MyListener - Start find element ---> By.xpath: //input[@placeholder='email']
12:40:25 INFO  manager.MyListener - Element with locator ---> By.xpath: //input[@placeholder='email'] was found
12:40:25 INFO  manager.MyListener - Start find element ---> By.xpath: //input[@placeholder='Address']
12:40:25 INFO  manager.MyListener - Element with locator ---> By.xpath: //input[@placeholder='Address'] was found
12:40:26 INFO  manager.MyListener - Start find element ---> By.xpath: //input[@placeholder='description']
12:40:26 INFO  manager.MyListener - Element with locator ---> By.xpath: //input[@placeholder='description'] was found
12:40:26 INFO  manager.MyListener - Start find element ---> By.xpath: //button[.='Save']
12:40:26 INFO  manager.MyListener - Element with locator ---> By.xpath: //button[.='Save'] was found
12:40:28 INFO  manager.MyListener - Start find element ---> By.cssSelector: a[href='/add']
12:40:28 INFO  manager.MyListener - Element with locator ---> By.cssSelector: a[href='/add'] was found
12:40:28 INFO  manager.MyListener - Start find element ---> By.xpath: (//input[@placeholder='Name'])
12:40:28 INFO  manager.MyListener - Element with locator ---> By.xpath: (//input[@placeholder='Name']) was found
12:40:29 INFO  manager.MyListener - Start find element ---> By.xpath: //input[@placeholder='Last Name']
12:40:29 INFO  manager.MyListener - Element with locator ---> By.xpath: //input[@placeholder='Last Name'] was found
12:40:29 INFO  manager.MyListener - Start find element ---> By.xpath: //input[@placeholder='Phone']
12:40:29 INFO  manager.MyListener - Element with locator ---> By.xpath: //input[@placeholder='Phone'] was found
12:40:29 INFO  manager.MyListener - Start find element ---> By.xpath: //input[@placeholder='email']
12:40:29 INFO  manager.MyListener - Element with locator ---> By.xpath: //input[@placeholder='email'] was found
12:40:30 INFO  manager.MyListener - Start find element ---> By.xpath: //input[@placeholder='Address']
12:40:30 INFO  manager.MyListener - Element with locator ---> By.xpath: //input[@placeholder='Address'] was found
12:40:30 INFO  manager.MyListener - Start find element ---> By.xpath: //input[@placeholder='description']
12:40:30 INFO  manager.MyListener - Element with locator ---> By.xpath: //input[@placeholder='description'] was found
12:40:30 INFO  manager.MyListener - Start find element ---> By.xpath: //button[.='Save']
12:40:30 INFO  manager.MyListener - Element with locator ---> By.xpath: //button[.='Save'] was found
12:40:32 INFO  manager.MyListener - Start find element ---> By.cssSelector: contact-item_card__2SOIM
12:40:37 INFO  manager.MyListener - Element with locator ---> By.cssSelector: contact-item_card__2SOIM was found
12:40:37 INFO  manager.MyListener - Start find element ---> By.cssSelector: .contact-item_card__2SOIM
12:40:42 INFO  manager.MyListener - Element with locator ---> By.cssSelector: .contact-item_card__2SOIM was found
12:40:42 INFO  tests.TestsBase - Name of test --->removeContactsCount
12:40:42 INFO  manager.MyListener - Start find element ---> By.xpath: //*[.='Sign Out']
12:40:42 INFO  manager.MyListener - Element with locator ---> By.xpath: //*[.='Sign Out'] was found
12:40:42 INFO  manager.MyListener - Start find element ---> By.cssSelector: .contact-item_card__2SOIM
12:40:48 INFO  manager.MyListener - Element with locator ---> By.cssSelector: .contact-item_card__2SOIM was found
12:40:48 INFO  manager.MyListener - Start find element ---> By.cssSelector: a[href='/add']
12:40:48 INFO  manager.MyListener - Element with locator ---> By.cssSelector: a[href='/add'] was found
12:40:48 INFO  manager.MyListener - Start find element ---> By.xpath: (//input[@placeholder='Name'])
12:40:48 INFO  manager.MyListener - Element with locator ---> By.xpath: (//input[@placeholder='Name']) was found
12:40:48 INFO  manager.MyListener - Start find element ---> By.xpath: //input[@placeholder='Last Name']
12:40:48 INFO  manager.MyListener - Element with locator ---> By.xpath: //input[@placeholder='Last Name'] was found
12:40:48 INFO  manager.MyListener - Start find element ---> By.xpath: //input[@placeholder='Phone']
12:40:48 INFO  manager.MyListener - Element with locator ---> By.xpath: //input[@placeholder='Phone'] was found
12:40:48 INFO  manager.MyListener - Start find element ---> By.xpath: //input[@placeholder='email']
12:40:48 INFO  manager.MyListener - Element with locator ---> By.xpath: //input[@placeholder='email'] was found
12:40:49 INFO  manager.MyListener - Start find element ---> By.xpath: //input[@placeholder='Address']
12:40:49 INFO  manager.MyListener - Element with locator ---> By.xpath: //input[@placeholder='Address'] was found
12:40:49 INFO  manager.MyListener - Start find element ---> By.xpath: //input[@placeholder='description']
12:40:49 INFO  manager.MyListener - Element with locator ---> By.xpath: //input[@placeholder='description'] was found
12:40:49 INFO  manager.MyListener - Start find element ---> By.xpath: //button[.='Save']
12:40:49 INFO  manager.MyListener - Element with locator ---> By.xpath: //button[.='Save'] was found
12:40:51 INFO  manager.MyListener - Start find element ---> By.cssSelector: a[href='/add']
12:40:51 INFO  manager.MyListener - Element with locator ---> By.cssSelector: a[href='/add'] was found
12:40:51 INFO  manager.MyListener - Start find element ---> By.xpath: (//input[@placeholder='Name'])
12:40:51 INFO  manager.MyListener - Element with locator ---> By.xpath: (//input[@placeholder='Name']) was found
12:40:52 INFO  manager.MyListener - Start find element ---> By.xpath: //input[@placeholder='Last Name']
12:40:52 INFO  manager.MyListener - Element with locator ---> By.xpath: //input[@placeholder='Last Name'] was found
12:40:52 INFO  manager.MyListener - Start find element ---> By.xpath: //input[@placeholder='Phone']
12:40:52 INFO  manager.MyListener - Element with locator ---> By.xpath: //input[@placeholder='Phone'] was found
12:40:52 INFO  manager.MyListener - Start find element ---> By.xpath: //input[@placeholder='email']
12:40:52 INFO  manager.MyListener - Element with locator ---> By.xpath: //input[@placeholder='email'] was found
12:40:53 INFO  manager.MyListener - Start find element ---> By.xpath: //input[@placeholder='Address']
12:40:53 INFO  manager.MyListener - Element with locator ---> By.xpath: //input[@placeholder='Address'] was found
12:40:53 INFO  manager.MyListener - Start find element ---> By.xpath: //input[@placeholder='description']
12:40:53 INFO  manager.MyListener - Element with locator ---> By.xpath: //input[@placeholder='description'] was found
12:40:53 INFO  manager.MyListener - Start find element ---> By.xpath: //button[.='Save']
12:40:53 INFO  manager.MyListener - Element with locator ---> By.xpath: //button[.='Save'] was found
12:40:56 INFO  manager.MyListener - Start find element ---> By.cssSelector: a[href='/add']
12:40:56 INFO  manager.MyListener - Element with locator ---> By.cssSelector: a[href='/add'] was found
12:40:56 INFO  manager.MyListener - Start find element ---> By.xpath: (//input[@placeholder='Name'])
12:40:56 INFO  manager.MyListener - Element with locator ---> By.xpath: (//input[@placeholder='Name']) was found
12:40:56 INFO  manager.MyListener - Start find element ---> By.xpath: //input[@placeholder='Last Name']
12:40:56 INFO  manager.MyListener - Element with locator ---> By.xpath: //input[@placeholder='Last Name'] was found
12:40:56 INFO  manager.MyListener - Start find element ---> By.xpath: //input[@placeholder='Phone']
12:40:56 INFO  manager.MyListener - Element with locator ---> By.xpath: //input[@placeholder='Phone'] was found
12:40:57 INFO  manager.MyListener - Start find element ---> By.xpath: //input[@placeholder='email']
12:40:57 INFO  manager.MyListener - Element with locator ---> By.xpath: //input[@placeholder='email'] was found
12:40:57 INFO  manager.MyListener - Start find element ---> By.xpath: //input[@placeholder='Address']
12:40:57 INFO  manager.MyListener - Element with locator ---> By.xpath: //input[@placeholder='Address'] was found
12:40:57 INFO  manager.MyListener - Start find element ---> By.xpath: //input[@placeholder='description']
12:40:57 INFO  manager.MyListener - Element with locator ---> By.xpath: //input[@placeholder='description'] was found
12:40:57 INFO  manager.MyListener - Start find element ---> By.xpath: //button[.='Save']
12:40:57 INFO  manager.MyListener - Element with locator ---> By.xpath: //button[.='Save'] was found
12:40:59 INFO  manager.MyListener - Start find element ---> By.cssSelector: .contact-item_card__2SOIM
12:41:05 INFO  manager.MyListener - Element with locator ---> By.cssSelector: .contact-item_card__2SOIM was found
12:41:05 INFO  manager.HelperBase - Before remove 'contact tests' count was --->0
12:41:05 INFO  manager.MyListener - Start find element ---> By.cssSelector: .contact-item_card__2SOIM
12:41:10 INFO  manager.MyListener - Element with locator ---> By.cssSelector: .contact-item_card__2SOIM was found
12:41:10 INFO  manager.MyListener - Start find element ---> By.cssSelector: .contact-item_card__2SOIM
12:41:15 INFO  manager.MyListener - Element with locator ---> By.cssSelector: .contact-item_card__2SOIM was found
12:41:15 INFO  manager.HelperBase - After remove contact count is --->0
12:41:15 INFO  tests.TestsBase - Name of test --->removeOneContact
12:41:15 INFO  manager.MyListener - Start find element ---> By.xpath: //*[.='Sign Out']
12:41:15 INFO  manager.MyListener - Element with locator ---> By.xpath: //*[.='Sign Out'] was found
12:41:15 INFO  manager.MyListener - Start find element ---> By.cssSelector: .contact-item_card__2SOIM
12:41:20 INFO  manager.MyListener - Element with locator ---> By.cssSelector: .contact-item_card__2SOIM was found
12:41:20 INFO  manager.MyListener - Start find element ---> By.cssSelector: a[href='/add']
12:41:20 INFO  manager.MyListener - Element with locator ---> By.cssSelector: a[href='/add'] was found
12:41:20 INFO  manager.MyListener - Start find element ---> By.xpath: (//input[@placeholder='Name'])
12:41:20 INFO  manager.MyListener - Element with locator ---> By.xpath: (//input[@placeholder='Name']) was found
12:41:20 INFO  manager.MyListener - Start find element ---> By.xpath: //input[@placeholder='Last Name']
12:41:20 INFO  manager.MyListener - Element with locator ---> By.xpath: //input[@placeholder='Last Name'] was found
12:41:21 INFO  manager.MyListener - Start find element ---> By.xpath: //input[@placeholder='Phone']
12:41:21 INFO  manager.MyListener - Element with locator ---> By.xpath: //input[@placeholder='Phone'] was found
12:41:21 INFO  manager.MyListener - Start find element ---> By.xpath: //input[@placeholder='email']
12:41:21 INFO  manager.MyListener - Element with locator ---> By.xpath: //input[@placeholder='email'] was found
12:41:21 INFO  manager.MyListener - Start find element ---> By.xpath: //input[@placeholder='Address']
12:41:21 INFO  manager.MyListener - Element with locator ---> By.xpath: //input[@placeholder='Address'] was found
12:41:22 INFO  manager.MyListener - Start find element ---> By.xpath: //input[@placeholder='description']
12:41:22 INFO  manager.MyListener - Element with locator ---> By.xpath: //input[@placeholder='description'] was found
12:41:22 INFO  manager.MyListener - Start find element ---> By.xpath: //button[.='Save']
12:41:22 INFO  manager.MyListener - Element with locator ---> By.xpath: //button[.='Save'] was found
12:41:24 INFO  manager.MyListener - Start find element ---> By.cssSelector: a[href='/add']
12:41:24 INFO  manager.MyListener - Element with locator ---> By.cssSelector: a[href='/add'] was found
12:41:24 INFO  manager.MyListener - Start find element ---> By.xpath: (//input[@placeholder='Name'])
12:41:24 INFO  manager.MyListener - Element with locator ---> By.xpath: (//input[@placeholder='Name']) was found
12:41:25 INFO  manager.MyListener - Start find element ---> By.xpath: //input[@placeholder='Last Name']
12:41:25 INFO  manager.MyListener - Element with locator ---> By.xpath: //input[@placeholder='Last Name'] was found
12:41:25 INFO  manager.MyListener - Start find element ---> By.xpath: //input[@placeholder='Phone']
12:41:25 INFO  manager.MyListener - Element with locator ---> By.xpath: //input[@placeholder='Phone'] was found
12:41:25 INFO  manager.MyListener - Start find element ---> By.xpath: //input[@placeholder='email']
12:41:25 INFO  manager.MyListener - Element with locator ---> By.xpath: //input[@placeholder='email'] was found
12:41:26 INFO  manager.MyListener - Start find element ---> By.xpath: //input[@placeholder='Address']
12:41:26 INFO  manager.MyListener - Element with locator ---> By.xpath: //input[@placeholder='Address'] was found
12:41:26 INFO  manager.MyListener - Start find element ---> By.xpath: //input[@placeholder='description']
12:41:26 INFO  manager.MyListener - Element with locator ---> By.xpath: //input[@placeholder='description'] was found
12:41:26 INFO  manager.MyListener - Start find element ---> By.xpath: //button[.='Save']
12:41:26 INFO  manager.MyListener - Element with locator ---> By.xpath: //button[.='Save'] was found
12:41:28 INFO  manager.MyListener - Start find element ---> By.cssSelector: a[href='/add']
12:41:28 INFO  manager.MyListener - Element with locator ---> By.cssSelector: a[href='/add'] was found
12:41:29 INFO  manager.MyListener - Start find element ---> By.xpath: (//input[@placeholder='Name'])
12:41:29 INFO  manager.MyListener - Element with locator ---> By.xpath: (//input[@placeholder='Name']) was found
12:41:29 INFO  manager.MyListener - Start find element ---> By.xpath: //input[@placeholder='Last Name']
12:41:29 INFO  manager.MyListener - Element with locator ---> By.xpath: //input[@placeholder='Last Name'] was found
12:41:29 INFO  manager.MyListener - Start find element ---> By.xpath: //input[@placeholder='Phone']
12:41:29 INFO  manager.MyListener - Element with locator ---> By.xpath: //input[@placeholder='Phone'] was found
12:41:29 INFO  manager.MyListener - Start find element ---> By.xpath: //input[@placeholder='email']
12:41:29 INFO  manager.MyListener - Element with locator ---> By.xpath: //input[@placeholder='email'] was found
12:41:30 INFO  manager.MyListener - Start find element ---> By.xpath: //input[@placeholder='Address']
12:41:30 INFO  manager.MyListener - Element with locator ---> By.xpath: //input[@placeholder='Address'] was found
12:41:30 INFO  manager.MyListener - Start find element ---> By.xpath: //input[@placeholder='description']
12:41:30 INFO  manager.MyListener - Element with locator ---> By.xpath: //input[@placeholder='description'] was found
12:41:30 INFO  manager.MyListener - Start find element ---> By.xpath: //button[.='Save']
12:41:30 INFO  manager.MyListener - Element with locator ---> By.xpath: //button[.='Save'] was found
12:41:32 INFO  manager.MyListener - Start find element ---> By.cssSelector: .contact-item_card__2SOIM
12:41:37 INFO  manager.MyListener - Element with locator ---> By.cssSelector: .contact-item_card__2SOIM was found
