14:59:16 INFO  manager.ApplicationManager - All tests start in ChromeBrowser
14:59:19 INFO  tests.TestsBase - Name of test --->loginNegativeTestWithWrongPassword
14:59:19 INFO  manager.MyListener - Start find element ---> By.xpath: //*[.='Sign Out']
14:59:24 INFO  manager.MyListener - Element with locator ---> By.xpath: //*[.='Sign Out'] was found
14:59:24 INFO  manager.MyListener - Start find element ---> By.cssSelector: a[href='/login']
14:59:24 INFO  manager.MyListener - Element with locator ---> By.cssSelector: a[href='/login'] was found
14:59:24 INFO  manager.MyListener - Start find element ---> By.xpath: //*[@placeholder='Email']
14:59:24 INFO  manager.MyListener - Element with locator ---> By.xpath: //*[@placeholder='Email'] was found
14:59:25 INFO  manager.MyListener - Start find element ---> By.xpath: //*[@placeholder='Password']
14:59:25 INFO  manager.MyListener - Element with locator ---> By.xpath: //*[@placeholder='Password'] was found
14:59:26 INFO  manager.MyListener - Start find element ---> By.xpath: //button[.=' Login']
14:59:26 INFO  manager.MyListener - Element with locator ---> By.xpath: //button[.=' Login'] was found
14:59:26 INFO  manager.MyListener - Start find element ---> By.cssSelector: button
14:59:28 INFO  manager.MyListener - We have a throwable ---> Cannot locate an element using css selector=button
For documentation on this error, please visit: https://www.seleniumhq.org/exceptions/no_such_element.html
Build info: version: '3.141.59', revision: 'e82be7d358', time: '2018-11-14T08:17:03'
System info: host: 'DESKTOP-7VMBUT4', ip: '192.168.1.171', os.name: 'Windows 10', os.arch: 'amd64', os.version: '10.0', java.version: '11.0.13'
Driver info: driver.version: EventFiringWebDriver
14:59:28 INFO  manager.MyListener - org.openqa.selenium.NoSuchElementException: Cannot locate an element using css selector=button
For documentation on this error, please visit: https://www.seleniumhq.org/exceptions/no_such_element.html
Build info: version: '3.141.59', revision: 'e82be7d358', time: '2018-11-14T08:17:03'
System info: host: 'DESKTOP-7VMBUT4', ip: '192.168.1.171', os.name: 'Windows 10', os.arch: 'amd64', os.version: '10.0', java.version: '11.0.13'
Driver info: driver.version: EventFiringWebDriver
