18:41:53 INFO  manager.ApplicationManager - All tests start in ChromeBrowser
18:41:56 INFO  tests.TestsBase - Name of test --->removeAllContacts
18:41:56 INFO  manager.MyListener - Start find element ---> By.xpath: //*[.='Sign Out']
18:42:01 INFO  manager.MyListener - Element with locator ---> By.xpath: //*[.='Sign Out'] was found
18:42:02 INFO  manager.MyListener - Start find element ---> By.cssSelector: a[href='/login']
18:42:03 INFO  manager.MyListener - Element with locator ---> By.cssSelector: a[href='/login'] was found
18:42:04 INFO  manager.MyListener - Start find element ---> By.xpath: //*[@placeholder='Email']
18:42:05 INFO  manager.MyListener - Element with locator ---> By.xpath: //*[@placeholder='Email'] was found
18:42:07 INFO  manager.MyListener - Start find element ---> By.xpath: //*[@placeholder='Password']
18:42:08 INFO  manager.MyListener - Element with locator ---> By.xpath: //*[@placeholder='Password'] was found
18:42:09 INFO  manager.MyListener - Start find element ---> By.xpath: //button[.=' Login']
18:42:09 INFO  manager.MyListener - Element with locator ---> By.xpath: //button[.=' Login'] was found
18:42:09 INFO  manager.MyListener - Start find element ---> By.cssSelector: .contact-item_card__2SOIM
18:42:11 INFO  manager.MyListener - Element with locator ---> By.cssSelector: .contact-item_card__2SOIM was found
18:42:11 INFO  manager.MyListener - Start find element ---> By.cssSelector: a[href='/add']
18:42:11 INFO  manager.MyListener - Element with locator ---> By.cssSelector: a[href='/add'] was found
18:42:11 INFO  manager.MyListener - Start find element ---> By.xpath: (//input[@placeholder='Name'])
18:42:11 INFO  manager.MyListener - Element with locator ---> By.xpath: (//input[@placeholder='Name']) was found
18:42:12 INFO  manager.MyListener - Start find element ---> By.xpath: //input[@placeholder='Last Name']
18:42:12 INFO  manager.MyListener - Element with locator ---> By.xpath: //input[@placeholder='Last Name'] was found
18:42:14 INFO  manager.MyListener - Start find element ---> By.xpath: //input[@placeholder='Phone']
18:42:14 INFO  manager.MyListener - Element with locator ---> By.xpath: //input[@placeholder='Phone'] was found
18:42:15 INFO  manager.MyListener - Start find element ---> By.xpath: //input[@placeholder='email']
18:42:15 INFO  manager.MyListener - Element with locator ---> By.xpath: //input[@placeholder='email'] was found
18:42:16 INFO  manager.MyListener - Start find element ---> By.xpath: //input[@placeholder='Address']
18:42:16 INFO  manager.MyListener - Element with locator ---> By.xpath: //input[@placeholder='Address'] was found
18:42:17 INFO  manager.MyListener - Start find element ---> By.xpath: //input[@placeholder='description']
18:42:17 INFO  manager.MyListener - Element with locator ---> By.xpath: //input[@placeholder='description'] was found
18:42:18 INFO  manager.MyListener - Start find element ---> By.xpath: //button[.='Save']
18:42:18 INFO  manager.MyListener - Element with locator ---> By.xpath: //button[.='Save'] was found
18:42:20 INFO  manager.MyListener - Start find element ---> By.cssSelector: a[href='/add']
18:42:20 INFO  manager.MyListener - Element with locator ---> By.cssSelector: a[href='/add'] was found
18:42:20 INFO  manager.MyListener - Start find element ---> By.xpath: (//input[@placeholder='Name'])
18:42:20 INFO  manager.MyListener - Element with locator ---> By.xpath: (//input[@placeholder='Name']) was found
18:42:21 INFO  manager.MyListener - Start find element ---> By.xpath: //input[@placeholder='Last Name']
18:42:21 INFO  manager.MyListener - Element with locator ---> By.xpath: //input[@placeholder='Last Name'] was found
18:42:22 INFO  manager.MyListener - Start find element ---> By.xpath: //input[@placeholder='Phone']
18:42:22 INFO  manager.MyListener - Element with locator ---> By.xpath: //input[@placeholder='Phone'] was found
18:42:23 INFO  manager.MyListener - Start find element ---> By.xpath: //input[@placeholder='email']
18:42:23 INFO  manager.MyListener - Element with locator ---> By.xpath: //input[@placeholder='email'] was found
18:42:26 INFO  manager.MyListener - Start find element ---> By.xpath: //input[@placeholder='Address']
18:42:26 INFO  manager.MyListener - Element with locator ---> By.xpath: //input[@placeholder='Address'] was found
18:42:28 INFO  manager.MyListener - Start find element ---> By.xpath: //input[@placeholder='description']
18:42:28 INFO  manager.MyListener - Element with locator ---> By.xpath: //input[@placeholder='description'] was found
18:42:29 INFO  manager.MyListener - Start find element ---> By.xpath: //button[.='Save']
18:42:29 INFO  manager.MyListener - Element with locator ---> By.xpath: //button[.='Save'] was found
18:42:31 INFO  manager.MyListener - Start find element ---> By.cssSelector: a[href='/add']
18:42:31 INFO  manager.MyListener - Element with locator ---> By.cssSelector: a[href='/add'] was found
18:42:32 INFO  manager.MyListener - Start find element ---> By.xpath: (//input[@placeholder='Name'])
18:42:32 INFO  manager.MyListener - Element with locator ---> By.xpath: (//input[@placeholder='Name']) was found
18:42:32 INFO  manager.MyListener - Start find element ---> By.xpath: //input[@placeholder='Last Name']
18:42:32 INFO  manager.MyListener - Element with locator ---> By.xpath: //input[@placeholder='Last Name'] was found
18:42:33 INFO  manager.MyListener - Start find element ---> By.xpath: //input[@placeholder='Phone']
18:42:33 INFO  manager.MyListener - Element with locator ---> By.xpath: //input[@placeholder='Phone'] was found
18:42:35 INFO  manager.MyListener - Start find element ---> By.xpath: //input[@placeholder='email']
18:42:35 INFO  manager.MyListener - Element with locator ---> By.xpath: //input[@placeholder='email'] was found
18:42:36 INFO  manager.MyListener - Start find element ---> By.xpath: //input[@placeholder='Address']
18:42:36 INFO  manager.MyListener - Element with locator ---> By.xpath: //input[@placeholder='Address'] was found
18:42:51 INFO  manager.MyListener - We have a throwable ---> no such window: target window already closed
from unknown error: web view not found
  (Session info: chrome=97.0.4692.99)
Build info: version: '3.141.59', revision: 'e82be7d358', time: '2018-11-14T08:17:03'
System info: host: 'DESKTOP-7VMBUT4', ip: '192.168.1.171', os.name: 'Windows 10', os.arch: 'amd64', os.version: '10.0', java.version: '11.0.13'
Driver info: org.openqa.selenium.chrome.ChromeDriver
Capabilities {acceptInsecureCerts: false, browserName: chrome, browserVersion: 97.0.4692.99, chrome: {chromedriverVersion: 96.0.4664.45 (76e4c1bb2ab46..., userDataDir: C:\Users\User\AppData\Local...}, goog:chromeOptions: {debuggerAddress: localhost:54662}, javascriptEnabled: true, networkConnectionEnabled: false, pageLoadStrategy: normal, platform: WINDOWS, platformName: WINDOWS, proxy: Proxy(), setWindowRect: true, strictFileInteractability: false, timeouts: {implicit: 0, pageLoad: 300000, script: 30000}, unhandledPromptBehavior: dismiss and notify, webauthn:extension:credBlob: true, webauthn:extension:largeBlob: true, webauthn:virtualAuthenticators: true}
Session ID: 31da77105f2c2bbb12490834019a4b0a
18:42:51 INFO  manager.MyListener - org.openqa.selenium.NoSuchWindowException: no such window: target window already closed
from unknown error: web view not found
  (Session info: chrome=97.0.4692.99)
Build info: version: '3.141.59', revision: 'e82be7d358', time: '2018-11-14T08:17:03'
System info: host: 'DESKTOP-7VMBUT4', ip: '192.168.1.171', os.name: 'Windows 10', os.arch: 'amd64', os.version: '10.0', java.version: '11.0.13'
Driver info: org.openqa.selenium.chrome.ChromeDriver
Capabilities {acceptInsecureCerts: false, browserName: chrome, browserVersion: 97.0.4692.99, chrome: {chromedriverVersion: 96.0.4664.45 (76e4c1bb2ab46..., userDataDir: C:\Users\User\AppData\Local...}, goog:chromeOptions: {debuggerAddress: localhost:54662}, javascriptEnabled: true, networkConnectionEnabled: false, pageLoadStrategy: normal, platform: WINDOWS, platformName: WINDOWS, proxy: Proxy(), setWindowRect: true, strictFileInteractability: false, timeouts: {implicit: 0, pageLoad: 300000, script: 30000}, unhandledPromptBehavior: dismiss and notify, webauthn:extension:credBlob: true, webauthn:extension:largeBlob: true, webauthn:virtualAuthenticators: true}
Session ID: 31da77105f2c2bbb12490834019a4b0a
